<?xml version="1.0" encoding="UTF-8"?>
<!-- Generated by org.testng.reporters.JUnitReportReporter -->
<testsuite hostname="DESKTOP-3UHIQMO" failures="0" tests="3" name="dataprovider.Dataprovidersample" time="0.066" errors="0" timestamp="2023-07-17T08:23:59 IST" skipped="0">
  <testcase classname="dataprovider.Dataprovidersample" name="dataproviderdemo" time="0.007"/>
  <system-out/>
  <testcase classname="dataprovider.Dataprovidersample" name="dataproviderdemo" time="0.019"/>
  <system-out/>
  <testcase classname="dataprovider.Dataprovidersample" name="dataproviderdemo" time="0.040"/>
  <system-out/>
</testsuite> <!-- dataprovider.Dataprovidersample -->
