<?xml version="1.0" encoding="UTF-8"?>
<!-- Generated by org.testng.reporters.JUnitReportReporter -->
<testsuite hostname="DESKTOP-3UHIQMO" failures="0" tests="3" name="testng.Testngpractise" time="0.033" errors="0" timestamp="2023-07-15T08:11:40 IST" skipped="0">
  <testcase classname="testng.Testngpractise" name="negmethod" time="0.018"/>
  <system-out/>
  <testcase classname="testng.Testngpractise" name="test" time="0.009"/>
  <system-out/>
  <testcase classname="testng.Testngpractise" name="sampletest" time="0.006"/>
  <system-out/>
</testsuite> <!-- testng.Testngpractise -->
